<?xml version="1.0" encoding="UTF-8"?>
<!-- Generated by org.testng.reporters.JUnitReportReporter -->
<testsuite hostname="LIN24006109" failures="0" tests="1" name="com.cg.testcases.testtt" time="5.626" errors="0" timestamp="2023-06-26T11:19:23 IST" skipped="0">
  <testcase classname="com.cg.testcases.testtt" name="testing" time="5.626"/>
  <system-out/>
</testsuite> <!-- com.cg.testcases.testtt -->
